<?xml version="1.0" encoding="UTF-8"?>
<testsuite name="com.squidsquads.unit.service.account.AccountServiceTest" tests="3" skipped="0" failures="0" errors="0" timestamp="2018-02-11T23:14:50" hostname="Simon-PC" time="0.016">
  <properties/>
  <testcase name="loginNoAccountTest" classname="com.squidsquads.unit.service.account.AccountServiceTest" time="0.005"/>
  <testcase name="loginSuccessful" classname="com.squidsquads.unit.service.account.AccountServiceTest" time="0.01"/>
  <testcase name="loginWrongInformationTest" classname="com.squidsquads.unit.service.account.AccountServiceTest" time="0.0"/>
  <system-out><![CDATA[]]></system-out>
  <system-err><![CDATA[]]></system-err>
</testsuite>
