<?xml version="1.0" encoding="UTF-8"?>
<testsuite name="com.squidsquads.unit.service.account.AccountServiceTest" tests="3" skipped="0" failures="0" errors="0" timestamp="2018-02-22T23:12:13" hostname="Dulces-MacBook-Pro.local" time="0.017">
  <properties/>
  <testcase name="loginNoAccountTest" classname="com.squidsquads.unit.service.account.AccountServiceTest" time="0.003"/>
  <testcase name="loginSuccessful" classname="com.squidsquads.unit.service.account.AccountServiceTest" time="0.013"/>
  <testcase name="loginWrongInformationTest" classname="com.squidsquads.unit.service.account.AccountServiceTest" time="0.0"/>
  <system-out><![CDATA[]]></system-out>
  <system-err><![CDATA[]]></system-err>
</testsuite>
